This is TeX, Version 3.14159 (C version 6.1) (format=latex 96.12.16)  30 DEC 1996 16:31
**images.tex
(images.tex
LaTeX2e <1996/06/01>
Hyphenation patterns for english, german, loaded.

(/afs/eos.ncsu.edu/users/c/ctk/tex/tex_inputs/siamltex.cls
Document Class: siamltex 1995/10/01 v1.0 LaTeX document class
(/ncsu/tetex/texmf/tex/latex/base/leqno.clo
File: leqno.clo 1996/03/25 v1.1a Standard LaTeX option (left equation numbers)
) (/afs/eos.ncsu.edu/users/c/ctk/tex/tex_inputs/siam10.clo
File: siam10.clo 1994/10/01 v1.0 SIAM LaTeX file (size option)
)
\c@section=\count79
\c@subsection=\count80
\c@subsubsection=\count81
\c@paragraph=\count82
\c@subparagraph=\count83
\c@rmnum=\count84
\c@muni=\count85
\c@theorem=\count86
\c@figure=\count87
\c@table=\count88
\abovecaptionskip=\skip41
\belowcaptionskip=\skip42
\bibindent=\dimen102
) (/ncsu/tetex/texmf/tex/latex/psnfss/times.sty
Package: times 1995/08/16 5.2 Times PSNFSS2e package
) (/afs/eos.ncsu.edu/users/c/ctk/tex/tex_inputs/tim.sty) (/ncsu/tetex/texmf/tex
/latex/misc/fullpage.sty
Style Option FULLPAGE Version 2 as of 15 Dec 1988
)
\lthtmlwrite=\write3
\sizebox=\box26
(images.aux)
LaTeX Font Info:    Checking defaults for OML/cmm/m/it on input line 22.
LaTeX Font Info:    ... okay on input line 22.
LaTeX Font Info:    Checking defaults for T1/cmr/m/n on input line 22.
LaTeX Font Info:    ... okay on input line 22.
LaTeX Font Info:    Checking defaults for OT1/cmr/m/n on input line 22.
LaTeX Font Info:    ... okay on input line 22.
LaTeX Font Info:    Checking defaults for OMS/cmsy/m/n on input line 22.
LaTeX Font Info:    ... okay on input line 22.
LaTeX Font Info:    Checking defaults for OMX/cmex/m/n on input line 22.
LaTeX Font Info:    ... okay on input line 22.
LaTeX Font Info:    Checking defaults for U/cmr/m/n on input line 22.
LaTeX Font Info:    ... okay on input line 22.
LaTeX Font Info:    Try loading font information for OT1+ptm on input line 22.
(/ncsu/tetex/texmf/tex/latex/psnfss/OT1ptm.fd
File: OT1ptm.fd 1996/01/28 Fontinst v1.504 font definitions for OT1/ptm.
)
LaTeX Font Info:    External font `cmex10' loaded for size
(Font)              <7> on input line 26.
LaTeX Font Info:    External font `cmex10' loaded for size
(Font)              <5> on input line 26.
latex2htmlSize :tex2html_wrap_inline738: 6.83331pt::1.49998pt.
[1


]
latex2htmlSize :tex2html_wrap_inline740: 6.83331pt::1.49998pt.
[2

]
latex2htmlSize :tex2html_wrap_inline742: 6.83331pt::1.49998pt.
[3

]
latex2htmlSize :tex2html_wrap_inline744: 6.83331pt::1.49998pt.
[4

]
latex2htmlSize :tex2html_wrap_inline746: 6.83331pt::1.49998pt.
[5

]
latex2htmlSize :tex2html_wrap_inline748: 6.83331pt::1.49998pt.
[6

]
latex2htmlSize :tex2html_wrap_inline750: 6.83331pt::1.49998pt.
[7

]
latex2htmlSize :tex2html_wrap_inline752: 6.83331pt::1.49998pt.
[8

] (images.aux) ) 
Here is how much of TeX's memory you used:
 374 strings out of 10910
 3458 string characters out of 72116
 45742 words of memory out of 262141
 3298 multiletter control sequences out of 9500
 4147 words of font info for 15 fonts, out of 150000 for 255
 14 hyphenation exceptions out of 607
 23i,4n,22p,194b,117s stack positions out of 300i,40n,60p,3000b,4000s

Output written on images.dvi (8 pages, 836 bytes).
